<?xml version="1.0" encoding="UTF-8"?>
<testng-results ignored="0" total="13" passed="12" failed="1" skipped="0">
  <reporter-output>
    <line>
      <![CDATA[Verifying Login Successfully]]>
    </line>
    <line>
      <![CDATA[Verifying Login Successfully]]>
    </line>
    <line>
      <![CDATA[Verifying Login Successfully]]>
    </line>
    <line>
      <![CDATA[Verifying Login Successfully]]>
    </line>
    <line>
      <![CDATA[initialcount is 4]]>
    </line>
    <line>
      <![CDATA[Verifying Login Successfully]]>
    </line>
    <line>
      <![CDATA[Verifying Login Successfully]]>
    </line>
    <line>
      <![CDATA[Verifying Login Successfully]]>
    </line>
    <line>
      <![CDATA[Verifying Login Successfully]]>
    </line>
    <line>
      <![CDATA[Verifying Login Successfully]]>
    </line>
    <line>
      <![CDATA[Verifying Login Successfully]]>
    </line>
    <line>
      <![CDATA[Show Details Button is not Present For This Record]]>
    </line>
    <line>
      <![CDATA[Verifying Login Successfully]]>
    </line>
    <line>
      <![CDATA[Verifying Login Successfully]]>
    </line>
    <line>
      <![CDATA[Verifying Login Successfully]]>
    </line>
  </reporter-output>
  <suite started-at="2023-10-23T17:51:30 IST" name="Default suite" finished-at="2023-10-23T18:00:57 IST" duration-ms="566777">
    <groups>
    </groups>
    <test started-at="2023-10-23T17:51:30 IST" name="Default test" finished-at="2023-10-23T18:00:57 IST" duration-ms="566777">
      <class name="ISN_Test.PayrollSettings_Test">
        <test-method is-config="true" signature="LaunchBrowser()[pri:0, instance:ISN_Test.PayrollSettings_Test@31fa1761]" started-at="2023-10-23T17:51:31 IST" name="LaunchBrowser" finished-at="2023-10-23T17:51:39 IST" duration-ms="8156" status="PASS">
          <reporter-output>
          </reporter-output>
        </test-method> <!-- LaunchBrowser -->
        <test-method is-config="true" signature="LoginToApplication()[pri:0, instance:ISN_Test.PayrollSettings_Test@31fa1761]" started-at="2023-10-23T17:51:39 IST" name="LoginToApplication" finished-at="2023-10-23T17:51:42 IST" duration-ms="3005" status="PASS">
          <reporter-output>
            <line>
              <![CDATA[Verifying Login Successfully]]>
            </line>
          </reporter-output>
        </test-method> <!-- LoginToApplication -->
        <test-method signature="verifyAddFixedPayrollCalculation_Test()[pri:0, instance:ISN_Test.PayrollSettings_Test@31fa1761]" started-at="2023-10-23T17:51:42 IST" name="verifyAddFixedPayrollCalculation_Test" finished-at="2023-10-23T17:52:16 IST" duration-ms="33669" status="PASS">
          <reporter-output>
          </reporter-output>
        </test-method> <!-- verifyAddFixedPayrollCalculation_Test -->
        <test-method is-config="true" signature="LogoutToApplication()[pri:0, instance:ISN_Test.PayrollSettings_Test@31fa1761]" started-at="2023-10-23T17:52:16 IST" name="LogoutToApplication" finished-at="2023-10-23T17:52:18 IST" duration-ms="2726" status="PASS">
          <reporter-output>
          </reporter-output>
        </test-method> <!-- LogoutToApplication -->
        <test-method is-config="true" signature="LoginToApplication()[pri:0, instance:ISN_Test.PayrollSettings_Test@31fa1761]" started-at="2023-10-23T17:52:18 IST" name="LoginToApplication" finished-at="2023-10-23T17:52:20 IST" duration-ms="1779" status="PASS">
          <reporter-output>
            <line>
              <![CDATA[Verifying Login Successfully]]>
            </line>
          </reporter-output>
        </test-method> <!-- LoginToApplication -->
        <test-method signature="verifyAddSplitPayrollCalculationDetails_Test()[pri:0, instance:ISN_Test.PayrollSettings_Test@31fa1761]" started-at="2023-10-23T17:52:20 IST" name="verifyAddSplitPayrollCalculationDetails_Test" finished-at="2023-10-23T17:52:51 IST" duration-ms="31049" status="FAIL">
          <exception class="java.lang.AssertionError">
            <message>
              <![CDATA[2.5%Expected text is not Matched with Actual expected [2.5%] but found []]]>
            </message>
            <full-stacktrace>
              <![CDATA[java.lang.AssertionError: 2.5%Expected text is not Matched with Actual expected [2.5%] but found []
at org.testng.Assert.fail(Assert.java:99)
at org.testng.Assert.failNotEquals(Assert.java:1037)
at org.testng.Assert.assertEqualsImpl(Assert.java:140)
at org.testng.Assert.assertEquals(Assert.java:122)
at org.testng.Assert.assertEquals(Assert.java:629)
at genericUtils.AssertionUtility.assertTextEquals(AssertionUtility.java:51)
at POM.PayrollSettingsObject.addandchecksplitAmountDetails(PayrollSettingsObject.java:522)
at ISN_Test.PayrollSettings_Test.verifyAddSplitPayrollCalculationDetails_Test(PayrollSettings_Test.java:65)
at java.base/jdk.internal.reflect.NativeMethodAccessorImpl.invoke0(Native Method)
at java.base/jdk.internal.reflect.NativeMethodAccessorImpl.invoke(NativeMethodAccessorImpl.java:77)
at java.base/jdk.internal.reflect.DelegatingMethodAccessorImpl.invoke(DelegatingMethodAccessorImpl.java:43)
at java.base/java.lang.reflect.Method.invoke(Method.java:568)
at org.testng.internal.MethodInvocationHelper.invokeMethod(MethodInvocationHelper.java:133)
at org.testng.internal.TestInvoker.invokeMethod(TestInvoker.java:598)
at org.testng.internal.TestInvoker.invokeTestMethod(TestInvoker.java:173)
at org.testng.internal.MethodRunner.runInSequence(MethodRunner.java:46)
at org.testng.internal.TestInvoker$MethodInvocationAgent.invoke(TestInvoker.java:824)
at org.testng.internal.TestInvoker.invokeTestMethods(TestInvoker.java:146)
at org.testng.internal.TestMethodWorker.invokeTestMethods(TestMethodWorker.java:146)
at org.testng.internal.TestMethodWorker.run(TestMethodWorker.java:128)
at java.base/java.util.ArrayList.forEach(ArrayList.java:1511)
at org.testng.TestRunner.privateRun(TestRunner.java:794)
at org.testng.TestRunner.run(TestRunner.java:596)
at org.testng.SuiteRunner.runTest(SuiteRunner.java:377)
at org.testng.SuiteRunner.runSequentially(SuiteRunner.java:371)
at org.testng.SuiteRunner.privateRun(SuiteRunner.java:332)
at org.testng.SuiteRunner.run(SuiteRunner.java:276)
at org.testng.SuiteRunnerWorker.runSuite(SuiteRunnerWorker.java:53)
at org.testng.SuiteRunnerWorker.run(SuiteRunnerWorker.java:96)
at org.testng.TestNG.runSuitesSequentially(TestNG.java:1212)
at org.testng.TestNG.runSuitesLocally(TestNG.java:1134)
at org.testng.TestNG.runSuites(TestNG.java:1063)
at org.testng.TestNG.run(TestNG.java:1031)
at org.testng.remote.AbstractRemoteTestNG.run(AbstractRemoteTestNG.java:115)
at org.testng.remote.RemoteTestNG.initAndRun(RemoteTestNG.java:251)
at org.testng.remote.RemoteTestNG.main(RemoteTestNG.java:77)
]]>
            </full-stacktrace>
          </exception> <!-- java.lang.AssertionError -->
          <reporter-output>
          </reporter-output>
        </test-method> <!-- verifyAddSplitPayrollCalculationDetails_Test -->
        <test-method is-config="true" signature="LogoutToApplication()[pri:0, instance:ISN_Test.PayrollSettings_Test@31fa1761]" started-at="2023-10-23T17:52:51 IST" name="LogoutToApplication" finished-at="2023-10-23T17:52:54 IST" duration-ms="2517" status="PASS">
          <reporter-output>
          </reporter-output>
        </test-method> <!-- LogoutToApplication -->
        <test-method is-config="true" signature="LoginToApplication()[pri:0, instance:ISN_Test.PayrollSettings_Test@31fa1761]" started-at="2023-10-23T17:52:54 IST" name="LoginToApplication" finished-at="2023-10-23T17:52:56 IST" duration-ms="1745" status="PASS">
          <reporter-output>
            <line>
              <![CDATA[Verifying Login Successfully]]>
            </line>
          </reporter-output>
        </test-method> <!-- LoginToApplication -->
        <test-method signature="verifyAddSplitPayrollCalculation_Test()[pri:0, instance:ISN_Test.PayrollSettings_Test@31fa1761]" started-at="2023-10-23T17:52:56 IST" name="verifyAddSplitPayrollCalculation_Test" finished-at="2023-10-23T17:53:27 IST" duration-ms="31154" status="PASS">
          <reporter-output>
          </reporter-output>
        </test-method> <!-- verifyAddSplitPayrollCalculation_Test -->
        <test-method is-config="true" signature="LogoutToApplication()[pri:0, instance:ISN_Test.PayrollSettings_Test@31fa1761]" started-at="2023-10-23T17:53:27 IST" name="LogoutToApplication" finished-at="2023-10-23T17:53:29 IST" duration-ms="2604" status="PASS">
          <reporter-output>
          </reporter-output>
        </test-method> <!-- LogoutToApplication -->
        <test-method is-config="true" signature="LoginToApplication()[pri:0, instance:ISN_Test.PayrollSettings_Test@31fa1761]" started-at="2023-10-23T17:53:29 IST" name="LoginToApplication" finished-at="2023-10-23T17:53:31 IST" duration-ms="1645" status="PASS">
          <reporter-output>
            <line>
              <![CDATA[Verifying Login Successfully]]>
            </line>
          </reporter-output>
        </test-method> <!-- LoginToApplication -->
        <test-method signature="verifyDeleteFixedPayrollCalculation_Test()[pri:0, instance:ISN_Test.PayrollSettings_Test@31fa1761]" started-at="2023-10-23T17:53:31 IST" name="verifyDeleteFixedPayrollCalculation_Test" finished-at="2023-10-23T17:54:01 IST" duration-ms="30039" status="PASS">
          <reporter-output>
            <line>
              <![CDATA[initialcount is 4]]>
            </line>
          </reporter-output>
        </test-method> <!-- verifyDeleteFixedPayrollCalculation_Test -->
        <test-method is-config="true" signature="LogoutToApplication()[pri:0, instance:ISN_Test.PayrollSettings_Test@31fa1761]" started-at="2023-10-23T17:54:01 IST" name="LogoutToApplication" finished-at="2023-10-23T17:54:04 IST" duration-ms="2502" status="PASS">
          <reporter-output>
          </reporter-output>
        </test-method> <!-- LogoutToApplication -->
        <test-method is-config="true" signature="LoginToApplication()[pri:0, instance:ISN_Test.PayrollSettings_Test@31fa1761]" started-at="2023-10-23T17:54:04 IST" name="LoginToApplication" finished-at="2023-10-23T17:54:05 IST" duration-ms="1609" status="PASS">
          <reporter-output>
            <line>
              <![CDATA[Verifying Login Successfully]]>
            </line>
          </reporter-output>
        </test-method> <!-- LoginToApplication -->
        <test-method signature="verifyDeleteSplitPayrollCalculation_Test()[pri:0, instance:ISN_Test.PayrollSettings_Test@31fa1761]" started-at="2023-10-23T17:54:05 IST" name="verifyDeleteSplitPayrollCalculation_Test" finished-at="2023-10-23T17:54:35 IST" duration-ms="30294" status="PASS">
          <reporter-output>
          </reporter-output>
        </test-method> <!-- verifyDeleteSplitPayrollCalculation_Test -->
        <test-method is-config="true" signature="LogoutToApplication()[pri:0, instance:ISN_Test.PayrollSettings_Test@31fa1761]" started-at="2023-10-23T17:54:35 IST" name="LogoutToApplication" finished-at="2023-10-23T17:54:38 IST" duration-ms="2749" status="PASS">
          <reporter-output>
          </reporter-output>
        </test-method> <!-- LogoutToApplication -->
        <test-method is-config="true" signature="LoginToApplication()[pri:0, instance:ISN_Test.PayrollSettings_Test@31fa1761]" started-at="2023-10-23T17:54:38 IST" name="LoginToApplication" finished-at="2023-10-23T17:54:40 IST" duration-ms="1836" status="PASS">
          <reporter-output>
            <line>
              <![CDATA[Verifying Login Successfully]]>
            </line>
          </reporter-output>
        </test-method> <!-- LoginToApplication -->
        <test-method signature="verifyEndDateSelectedInSplitPayrollCalculation_Test()[pri:0, instance:ISN_Test.PayrollSettings_Test@31fa1761]" started-at="2023-10-23T17:54:40 IST" name="verifyEndDateSelectedInSplitPayrollCalculation_Test" finished-at="2023-10-23T17:55:11 IST" duration-ms="30935" status="PASS">
          <reporter-output>
          </reporter-output>
        </test-method> <!-- verifyEndDateSelectedInSplitPayrollCalculation_Test -->
        <test-method is-config="true" signature="LogoutToApplication()[pri:0, instance:ISN_Test.PayrollSettings_Test@31fa1761]" started-at="2023-10-23T17:55:11 IST" name="LogoutToApplication" finished-at="2023-10-23T17:55:14 IST" duration-ms="3008" status="PASS">
          <reporter-output>
          </reporter-output>
        </test-method> <!-- LogoutToApplication -->
        <test-method is-config="true" signature="LoginToApplication()[pri:0, instance:ISN_Test.PayrollSettings_Test@31fa1761]" started-at="2023-10-23T17:55:14 IST" name="LoginToApplication" finished-at="2023-10-23T17:55:16 IST" duration-ms="1750" status="PASS">
          <reporter-output>
            <line>
              <![CDATA[Verifying Login Successfully]]>
            </line>
          </reporter-output>
        </test-method> <!-- LoginToApplication -->
        <test-method signature="verifyFixedEndDateFunctionality_Test()[pri:0, instance:ISN_Test.PayrollSettings_Test@31fa1761]" started-at="2023-10-23T17:55:16 IST" name="verifyFixedEndDateFunctionality_Test" finished-at="2023-10-23T17:55:43 IST" duration-ms="26967" status="PASS">
          <reporter-output>
          </reporter-output>
        </test-method> <!-- verifyFixedEndDateFunctionality_Test -->
        <test-method is-config="true" signature="LogoutToApplication()[pri:0, instance:ISN_Test.PayrollSettings_Test@31fa1761]" started-at="2023-10-23T17:55:43 IST" name="LogoutToApplication" finished-at="2023-10-23T17:55:46 IST" duration-ms="2943" status="PASS">
          <reporter-output>
          </reporter-output>
        </test-method> <!-- LogoutToApplication -->
        <test-method is-config="true" signature="LoginToApplication()[pri:0, instance:ISN_Test.PayrollSettings_Test@31fa1761]" started-at="2023-10-23T17:55:46 IST" name="LoginToApplication" finished-at="2023-10-23T17:55:48 IST" duration-ms="1877" status="PASS">
          <reporter-output>
            <line>
              <![CDATA[Verifying Login Successfully]]>
            </line>
          </reporter-output>
        </test-method> <!-- LoginToApplication -->
        <test-method signature="verifyFixedHideDetailsFunctionality_Test()[pri:0, instance:ISN_Test.PayrollSettings_Test@31fa1761]" started-at="2023-10-23T17:55:48 IST" name="verifyFixedHideDetailsFunctionality_Test" finished-at="2023-10-23T17:56:34 IST" duration-ms="46755" status="PASS">
          <reporter-output>
          </reporter-output>
        </test-method> <!-- verifyFixedHideDetailsFunctionality_Test -->
        <test-method is-config="true" signature="LogoutToApplication()[pri:0, instance:ISN_Test.PayrollSettings_Test@31fa1761]" started-at="2023-10-23T17:56:34 IST" name="LogoutToApplication" finished-at="2023-10-23T17:56:37 IST" duration-ms="2794" status="PASS">
          <reporter-output>
          </reporter-output>
        </test-method> <!-- LogoutToApplication -->
        <test-method is-config="true" signature="LoginToApplication()[pri:0, instance:ISN_Test.PayrollSettings_Test@31fa1761]" started-at="2023-10-23T17:56:37 IST" name="LoginToApplication" finished-at="2023-10-23T17:56:39 IST" duration-ms="1712" status="PASS">
          <reporter-output>
            <line>
              <![CDATA[Verifying Login Successfully]]>
            </line>
          </reporter-output>
        </test-method> <!-- LoginToApplication -->
        <test-method signature="verifyHideDetailsFunctionality_Test()[pri:0, instance:ISN_Test.PayrollSettings_Test@31fa1761]" started-at="2023-10-23T17:56:39 IST" name="verifyHideDetailsFunctionality_Test" finished-at="2023-10-23T17:57:25 IST" duration-ms="46577" status="PASS">
          <reporter-output>
          </reporter-output>
        </test-method> <!-- verifyHideDetailsFunctionality_Test -->
        <test-method is-config="true" signature="LogoutToApplication()[pri:0, instance:ISN_Test.PayrollSettings_Test@31fa1761]" started-at="2023-10-23T17:57:25 IST" name="LogoutToApplication" finished-at="2023-10-23T17:57:28 IST" duration-ms="2612" status="PASS">
          <reporter-output>
          </reporter-output>
        </test-method> <!-- LogoutToApplication -->
        <test-method is-config="true" signature="LoginToApplication()[pri:0, instance:ISN_Test.PayrollSettings_Test@31fa1761]" started-at="2023-10-23T17:57:28 IST" name="LoginToApplication" finished-at="2023-10-23T17:57:30 IST" duration-ms="1730" status="PASS">
          <reporter-output>
            <line>
              <![CDATA[Verifying Login Successfully]]>
            </line>
          </reporter-output>
        </test-method> <!-- LoginToApplication -->
        <test-method signature="verifyShowDetailsFunctionality_Test()[pri:0, instance:ISN_Test.PayrollSettings_Test@31fa1761]" started-at="2023-10-23T17:57:30 IST" name="verifyShowDetailsFunctionality_Test" finished-at="2023-10-23T17:58:43 IST" duration-ms="73807" status="PASS">
          <reporter-output>
            <line>
              <![CDATA[Show Details Button is not Present For This Record]]>
            </line>
          </reporter-output>
        </test-method> <!-- verifyShowDetailsFunctionality_Test -->
        <test-method is-config="true" signature="LogoutToApplication()[pri:0, instance:ISN_Test.PayrollSettings_Test@31fa1761]" started-at="2023-10-23T17:58:43 IST" name="LogoutToApplication" finished-at="2023-10-23T17:58:46 IST" duration-ms="2544" status="PASS">
          <reporter-output>
          </reporter-output>
        </test-method> <!-- LogoutToApplication -->
        <test-method is-config="true" signature="LoginToApplication()[pri:0, instance:ISN_Test.PayrollSettings_Test@31fa1761]" started-at="2023-10-23T17:58:46 IST" name="LoginToApplication" finished-at="2023-10-23T17:58:48 IST" duration-ms="1730" status="PASS">
          <reporter-output>
            <line>
              <![CDATA[Verifying Login Successfully]]>
            </line>
          </reporter-output>
        </test-method> <!-- LoginToApplication -->
        <test-method signature="verifySplitEndDateFunctionality_Test()[pri:0, instance:ISN_Test.PayrollSettings_Test@31fa1761]" started-at="2023-10-23T17:58:48 IST" name="verifySplitEndDateFunctionality_Test" finished-at="2023-10-23T17:59:17 IST" duration-ms="29015" status="PASS">
          <reporter-output>
          </reporter-output>
        </test-method> <!-- verifySplitEndDateFunctionality_Test -->
        <test-method is-config="true" signature="LogoutToApplication()[pri:0, instance:ISN_Test.PayrollSettings_Test@31fa1761]" started-at="2023-10-23T17:59:17 IST" name="LogoutToApplication" finished-at="2023-10-23T17:59:20 IST" duration-ms="2891" status="PASS">
          <reporter-output>
          </reporter-output>
        </test-method> <!-- LogoutToApplication -->
        <test-method is-config="true" signature="LoginToApplication()[pri:0, instance:ISN_Test.PayrollSettings_Test@31fa1761]" started-at="2023-10-23T17:59:20 IST" name="LoginToApplication" finished-at="2023-10-23T17:59:21 IST" duration-ms="1709" status="PASS">
          <reporter-output>
            <line>
              <![CDATA[Verifying Login Successfully]]>
            </line>
          </reporter-output>
        </test-method> <!-- LoginToApplication -->
        <test-method signature="verifyStartDateSelectedInFixedPayrollCalculation_Test()[pri:0, instance:ISN_Test.PayrollSettings_Test@31fa1761]" started-at="2023-10-23T17:59:21 IST" name="verifyStartDateSelectedInFixedPayrollCalculation_Test" finished-at="2023-10-23T18:00:02 IST" duration-ms="40704" status="PASS">
          <reporter-output>
          </reporter-output>
        </test-method> <!-- verifyStartDateSelectedInFixedPayrollCalculation_Test -->
        <test-method is-config="true" signature="LogoutToApplication()[pri:0, instance:ISN_Test.PayrollSettings_Test@31fa1761]" started-at="2023-10-23T18:00:02 IST" name="LogoutToApplication" finished-at="2023-10-23T18:00:05 IST" duration-ms="3014" status="PASS">
          <reporter-output>
          </reporter-output>
        </test-method> <!-- LogoutToApplication -->
        <test-method is-config="true" signature="LoginToApplication()[pri:0, instance:ISN_Test.PayrollSettings_Test@31fa1761]" started-at="2023-10-23T18:00:05 IST" name="LoginToApplication" finished-at="2023-10-23T18:00:07 IST" duration-ms="1815" status="PASS">
          <reporter-output>
            <line>
              <![CDATA[Verifying Login Successfully]]>
            </line>
          </reporter-output>
        </test-method> <!-- LoginToApplication -->
        <test-method signature="verifyStartDateSelectedInSplitPayrollCalculation_Test()[pri:0, instance:ISN_Test.PayrollSettings_Test@31fa1761]" started-at="2023-10-23T18:00:07 IST" name="verifyStartDateSelectedInSplitPayrollCalculation_Test" finished-at="2023-10-23T18:00:54 IST" duration-ms="46829" status="PASS">
          <reporter-output>
          </reporter-output>
        </test-method> <!-- verifyStartDateSelectedInSplitPayrollCalculation_Test -->
        <test-method is-config="true" signature="LogoutToApplication()[pri:0, instance:ISN_Test.PayrollSettings_Test@31fa1761]" started-at="2023-10-23T18:00:54 IST" name="LogoutToApplication" finished-at="2023-10-23T18:00:57 IST" duration-ms="2857" status="PASS">
          <reporter-output>
          </reporter-output>
        </test-method> <!-- LogoutToApplication -->
        <test-method is-config="true" signature="CloseBrowser()[pri:0, instance:ISN_Test.PayrollSettings_Test@31fa1761]" started-at="2023-10-23T18:00:57 IST" name="CloseBrowser" finished-at="2023-10-23T18:00:57 IST" duration-ms="535" status="PASS">
          <reporter-output>
          </reporter-output>
        </test-method> <!-- CloseBrowser -->
      </class> <!-- ISN_Test.PayrollSettings_Test -->
    </test> <!-- Default test -->
  </suite> <!-- Default suite -->
</testng-results>
